<?xml version="1.0" encoding="utf-8" standalone="no"?>
<test-results xmlns:xsi="http://www.w3.org/2001/XMLSchema-instance" xsi:noNamespaceSchemaLocation="nunit_schema_2.5.xsd" name="Pester" total="8" errors="0" failures="0" not-run="0" inconclusive="0" ignored="0" skipped="0" invalid="0" date="2024-05-18" time="18:28:07">
  <environment user-domain="DESKTOP-JI308V9" cwd="C:\GIT-VS\Yubikey_Powershell" clr-version="8.0.4" machine-name="DESKTOP-JI308V9" os-version="10.0.22631" user="Oscar Virot" platform="Microsoft Windows 11 Pro|C:\WINDOWS|\Device\Harddisk0\Partition3" nunit-version="2.5.8.0" />
  <culture-info current-culture="en-SE" current-uiculture="en-US" />
  <test-suite type="TestFixture" name="Pester" executed="True" result="Success" success="True" time="3.2561" asserts="0" description="Pester">
    <results>
      <test-suite type="TestFixture" name="C:\GIT-VS\Yubikey_Powershell\Pester\120 - Yubikey - Get-Yubikey.tests.ps1" executed="True" result="Success" success="True" time="0.0555" asserts="0" description="C:\GIT-VS\Yubikey_Powershell\Pester\120 - Yubikey - Get-Yubikey.tests.ps1">
        <results>
          <test-suite type="TestFixture" name="Test Yubikey parts" executed="True" result="Success" success="True" time="0.0075" asserts="0" description="Test Yubikey parts">
            <results>
              <test-case description="outputs 'Verify that Find-Yubikey throws fault, if serialnumber does not exist on present yubikeys.'" name="Test Yubikey parts.outputs 'Verify that Find-Yubikey throws fault, if serialnumber does not exist on present yubikeys.'" time="0.002" asserts="0" success="True" result="Success" executed="True" />
              <test-case description="outputs 'Verify that connect works'" name="Test Yubikey parts.outputs 'Verify that connect works'" time="0.0013" asserts="0" success="True" result="Success" executed="True" />
            </results>
          </test-suite>
        </results>
      </test-suite>
      <test-suite type="TestFixture" name="C:\GIT-VS\Yubikey_Powershell\Pester\210-YubikeyPIV-Codes.tests.ps1" executed="True" result="Success" success="True" time="3.2006" asserts="0" description="C:\GIT-VS\Yubikey_Powershell\Pester\210-YubikeyPIV-Codes.tests.ps1">
        <results>
          <test-suite type="TestFixture" name="Test YubikeyPIV PIV/PUK management" executed="True" result="Success" success="True" time="3.1537" asserts="0" description="Test YubikeyPIV PIV/PUK management">
            <results>
              <test-case description="outputs 'Verify that connect works'" name="Test YubikeyPIV PIV/PUK management.outputs 'Verify that connect works'" time="0.6188" asserts="0" success="True" result="Success" executed="True" />
              <test-case description="outputs 'Test Block-YubikeyPIV throws if not PIN nor PUK is selected'" name="Test YubikeyPIV PIV/PUK management.outputs 'Test Block-YubikeyPIV throws if not PIN nor PUK is selected'" time="0.002" asserts="0" success="True" result="Success" executed="True" />
              <test-case description="outputs 'Test Block-YubikeyPIV -PIN'" name="Test YubikeyPIV PIV/PUK management.outputs 'Test Block-YubikeyPIV -PIN'" time="0.6013" asserts="0" success="True" result="Success" executed="True" />
              <test-case description="outputs 'Test Block-YubikeyPIV -PUK'" name="Test YubikeyPIV PIV/PUK management.outputs 'Test Block-YubikeyPIV -PUK'" time="0.5957" asserts="0" success="True" result="Success" executed="True" />
              <test-case description="outputs 'Test Block-YubikeyPIV -PIN -PUK'" name="Test YubikeyPIV PIV/PUK management.outputs 'Test Block-YubikeyPIV -PIN -PUK'" time="0.6295" asserts="0" success="True" result="Success" executed="True" />
              <test-case description="outputs 'Test Set-YubikeyPIV -PINRetries 8 -PUKRetries 6'" name="Test YubikeyPIV PIV/PUK management.outputs 'Test Set-YubikeyPIV -PINRetries 8 -PUKRetries 6'" time="0.7015" asserts="0" success="True" result="Success" executed="True" />
            </results>
          </test-suite>
        </results>
      </test-suite>
    </results>
  </test-suite>
</test-results>